nohup: 忽略输入
2019-02-01 18:28:24,590 - INFO - runworker - Using multi-threaded worker, 16 thread(s).
2019-02-01 18:28:24,689 - INFO - runworker - Running worker against channel layer default (asgi_redis.core.RedisChannelLayer)
2019-02-01 18:28:24,760 - INFO - worker - Listening on channels http.request
2019-02-01 18:28:25,080 - INFO - worker - Listening on channels http.request
2019-02-01 18:28:25,164 - INFO - worker - Listening on channels http.request
2019-02-01 18:28:25,255 - INFO - worker - Listening on channels http.request
2019-02-01 18:28:25,347 - INFO - worker - Listening on channels http.request
2019-02-01 18:28:25,417 - INFO - worker - Listening on channels http.request
2019-02-01 18:28:25,503 - INFO - worker - Listening on channels http.request
2019-02-01 18:28:25,533 - INFO - worker - Listening on channels http.request
2019-02-01 18:28:25,585 - INFO - worker - Listening on channels http.request
2019-02-01 18:28:25,621 - INFO - worker - Listening on channels http.request
2019-02-01 18:28:25,640 - INFO - worker - Listening on channels http.request
2019-02-01 18:28:25,677 - INFO - worker - Listening on channels http.request
2019-02-01 18:28:25,708 - INFO - worker - Listening on channels http.request
2019-02-01 18:28:25,743 - INFO - worker - Listening on channels http.request
2019-02-01 18:28:25,765 - INFO - worker - Listening on channels http.request
2019-02-01 18:28:25,766 - INFO - worker - Listening on channels http.request
连接SFTP 127.0.0.1
